[health0] {"status": "ok", "cases": 10, "queue_depth": 0, "running": 4, "workers": 4, "daily_limit": 20, "judge_timeout": 10}
[candidate] runs/probe401_nocache_dynamic_20260520.py size 78449 sha d4696dbf probe401_no_cache_dynamic_full_pipeline
[submitted] runs/probe401_nocache_dynamic_20260520.py {"job_id": "ffbdc5a67f1449818bd14cc0d63f11f9", "status": "queued", "team": "料事如神", "queue_depth": 1, "daily_remaining": 4, "daily_limit": 20, "poll_url": "/result/ffbdc5a67f1449818bd14cc0d63f11f9"}
[candidate] runs/probe401_cache_as_seed_20260520.py size 78519 sha fd59d825 probe401_cache_as_seed_allow_dynamic_override
[submitted] runs/probe401_cache_as_seed_20260520.py {"job_id": "8b2a60549caa456baaa17ac66d5c62e2", "status": "queued", "team": "料事如神", "queue_depth": 1, "daily_remaining": 3, "daily_limit": 20, "poll_url": "/result/8b2a60549caa456baaa17ac66d5c62e2"}
[candidate] runs/probe501_pick_raw_expected_20260520.py size 78445 sha 82b0cd48 probe501_pick_raw_expected_objective
[submitted] runs/probe501_pick_raw_expected_20260520.py {"job_id": "713e7e7d3df940649508b63bb78dc056", "status": "queued", "team": "料事如神", "queue_depth": 1, "daily_remaining": 2, "daily_limit": 20, "poll_url": "/result/713e7e7d3df940649508b63bb78dc056"}
[candidate] runs/probe501_pick_min_score_20260520.py size 78506 sha 94c59280 probe501_pick_min_score_model
[submitted] runs/probe501_pick_min_score_20260520.py {"job_id": "e2b71a388b72404aba27c7ce0bfff4e7", "status": "queued", "team": "料事如神", "queue_depth": 1, "daily_remaining": 1, "daily_limit": 20, "poll_url": "/result/e2b71a388b72404aba27c7ce0bfff4e7"}
[candidate] runs/probe501_pick_max_willingness_20260520.py size 78506 sha f62c07e6 probe501_pick_max_willingness_model
[submitted] runs/probe501_pick_max_willingness_20260520.py {"job_id": "d9e6e57933d349d38fce2433aee14df7", "status": "queued", "team": "料事如神", "queue_depth": 1, "daily_remaining": 0, "daily_limit": 20, "poll_url": "/result/d9e6e57933d349d38fce2433aee14df7"}
[poll] ffbdc5a6 running
[poll] 8b2a6054 running
[poll] 713e7e7d running
[poll] e2b71a38 running
[poll] d9e6e579 queued
[poll] ffbdc5a6 running
[poll] 8b2a6054 running
[poll] 713e7e7d running
[poll] e2b71a38 running
[poll] d9e6e579 queued
[poll] ffbdc5a6 running
[poll] 8b2a6054 running
[poll] 713e7e7d running
[poll] e2b71a38 running
[poll] d9e6e579 queued
[poll] ffbdc5a6 running
[poll] 8b2a6054 running
[poll] 713e7e7d running
[poll] e2b71a38 running
[poll] d9e6e579 queued
[done] runs/probe401_nocache_dynamic_20260520.py avg 709.8389 saved /Users/比赛/FOR_AutoSolver_706.72/runs/official_probe_20260520_235744_d4696dbf.json
  low_willingness_seed501.txt 1799.9031 assigned 30 unassigned 0 time 9238
  scarce_couriers_seed401.txt 1567.9502 assigned 38 unassigned 2 time 8780
[done] runs/probe401_cache_as_seed_20260520.py avg 711.9778 saved /Users/比赛/FOR_AutoSolver_706.72/runs/official_probe_20260520_235746_fd59d825.json
  low_willingness_seed501.txt 1799.9031 assigned 30 unassigned 0 time 9313
  scarce_couriers_seed401.txt 1589.3393 assigned 38 unassigned 2 time 8932
[done] runs/probe501_pick_raw_expected_20260520.py avg 711.9778 saved /Users/比赛/FOR_AutoSolver_706.72/runs/official_probe_20260520_235748_82b0cd48.json
  low_willingness_seed501.txt 1799.9031 assigned 30 unassigned 0 time 9013
  scarce_couriers_seed401.txt 1589.3393 assigned 38 unassigned 2 time 8886
[done] runs/probe501_pick_min_score_20260520.py avg 709.8389 saved /Users/比赛/FOR_AutoSolver_706.72/runs/official_probe_20260520_235750_94c59280.json
  low_willingness_seed501.txt 1799.9031 assigned 30 unassigned 0 time 9115
  scarce_couriers_seed401.txt 1567.9502 assigned 38 unassigned 2 time 8825
[poll] d9e6e579 running
[poll] d9e6e579 running
[poll] d9e6e579 running
[poll] d9e6e579 running
[poll] d9e6e579 running
[done] runs/probe501_pick_max_willingness_20260520.py avg 711.9778 saved /Users/比赛/FOR_AutoSolver_706.72/runs/official_probe_20260520_235837_f62c07e6.json
  low_willingness_seed501.txt 1799.9031 assigned 30 unassigned 0 time 9076
  scarce_couriers_seed401.txt 1589.3393 assigned 38 unassigned 2 time 8897
[remaining] []
[health1] {"status": "ok", "cases": 10, "queue_depth": 0, "running": 4, "workers": 4, "daily_limit": 20, "judge_timeout": 10}
